M6e Nano
[2, 3, 6, 7, 8, 9, 11, 12, 18, 19, 21, 23]
[2, 3, 6, 7, 8, 9, 11, 12, 18, 19, 21, 23]
[2, 6, 7, 8, 9, 11, 12, 18, 19, 21, 23]
[2, 3, 6, 7, 8, 9, 11, 12, 18, 19, 21, 23]
[2, 6, 7, 8, 9, 11, 12, 18, 19, 21, 23]
[2, 3, 6, 7, 8, 9, 11, 12, 18, 19, 21, 23]
[2, 6, 7, 8, 9, 11, 12, 18, 19, 21, 23]
[2, 3, 6, 7, 8, 9, 11, 12, 18, 19, 21, 23]
[2, 3, 6, 7, 8, 9, 11, 12, 18, 19, 21, 23]
[2, 3, 6, 7, 8, 9, 11, 12, 18, 19, 21, 23]
[2, 6, 7, 8, 9, 11, 12, 18, 19, 21, 23]
[2, 3, 6, 7, 8, 9, 11, 12, 18, 19, 21, 23]
[2, 3, 6, 7, 8, 9, 11, 12, 18, 19, 21, 23]
[2, 3, 6, 7, 8, 9, 11, 12, 18, 19, 21, 23]
[2, 6, 8, 9, 11, 12, 18, 19, 21, 23]
[2, 3, 6, 7, 8, 9, 11, 12, 18, 19, 21, 23]
[2, 3, 6, 7, 8, 9, 11, 12, 18, 19, 21, 23]
[2, 3, 6, 7, 8, 9, 11, 12, 18, 19, 21, 23]
[2, 6, 7, 8, 9, 11, 12, 18, 19, 21, 23]
[2, 3, 6, 7, 8, 9, 11, 12, 18, 19, 21, 23]
[2, 3, 6, 7, 8, 9, 11, 12, 18, 19, 21, 23]
[2, 3, 6, 7, 8, 9, 11, 12, 18, 19, 21, 23]
[2, 6, 7, 8, 9, 11, 12, 18, 19, 21, 23]
[2, 3, 6, 7, 8, 9, 11, 12, 18, 19, 21, 23]
[2, 3, 6, 7, 8, 9, 11, 12, 18, 19, 21, 23]
[2, 3, 6, 7, 8, 9, 11, 12, 18, 19, 21, 23]
[2, 6, 7, 8, 9, 11, 12, 18, 19, 21, 23]
[2, 3, 6, 7, 8, 9, 11, 12, 18, 19, 21, 23]
[2, 3, 6, 7, 8, 9, 11, 12, 18, 19, 21, 23]
[2, 3, 6, 7, 8, 9, 11, 12, 18, 19, 21, 23]
[2, 6, 8, 9, 11, 12, 18, 19, 21, 23]
[2, 3, 6, 7, 8, 9, 11, 12, 18, 19, 21, 23]
[2, 3, 6, 7, 8, 9, 11, 12, 18, 19, 21, 23]
[2, 3, 6, 7, 8, 9, 11, 12, 18, 19, 21, 23]
[2, 6, 7, 8, 9, 11, 12, 18, 19, 21, 23]
[2, 3, 6, 7, 8, 9, 11, 12, 18, 19, 21, 23]
[2, 6, 8, 9, 11, 12, 18, 19, 21, 23]
[2, 3, 6, 7, 8, 9, 11, 12, 18, 19, 21, 23]
[2, 6, 7, 8, 9, 11, 12, 18, 19, 21, 23]
[2, 3, 6, 7, 8, 9, 11, 12, 18, 19, 21, 23]
[2, 3, 6, 7, 8, 9, 11, 12, 18, 19, 21, 23]
[2, 3, 6, 7, 8, 9, 11, 12, 18, 19, 21, 23]
[2, 6, 7, 8, 9, 11, 12, 18, 19, 21, 23]
[2, 3, 6, 7, 8, 9, 11, 12, 18, 19, 21, 23]
[2, 3, 6, 7, 8, 9, 11, 12, 18, 19, 21, 23]
[2, 3, 6, 7, 8, 9, 11, 12, 18, 19, 21, 23]
[2, 6, 7, 8, 9, 11, 12, 18, 19, 21, 23]
[2, 3, 6, 7, 8, 9, 11, 12, 18, 19, 21, 23]
[2, 3, 6, 7, 8, 9, 11, 12, 18, 19, 21, 23]
[2, 3, 6, 7, 8, 9, 11, 12, 18, 19, 21, 23]
[2, 6, 7, 8, 9, 11, 12, 18, 19, 21, 23]
[2, 3, 6, 7, 8, 9, 11, 12, 18, 19, 21, 23]
[2, 3, 6, 7, 8, 9, 11, 12, 18, 19, 21, 23]
[2, 3, 6, 7, 8, 9, 11, 12, 18, 19, 21, 23]
[2, 6, 7, 8, 9, 11, 12, 18, 19, 21, 23]
[2, 3, 6, 7, 8, 9, 11, 12, 18, 19, 21, 23]
[2, 3, 6, 7, 8, 9, 11, 12, 18, 19, 21, 23]
[2, 3, 6, 7, 8, 9, 11, 12, 18, 19, 21, 23]
[2, 6, 7, 8, 9, 11, 18, 19, 21, 23]
[2, 3, 6, 7, 8, 9, 11, 12, 18, 19, 21, 23]
[2, 3, 6, 7, 8, 9, 11, 12, 18, 19, 21, 23]
[2, 3, 6, 7, 8, 9, 11, 12, 18, 19, 21, 23]
[2, 6, 7, 8, 9, 11, 12, 18, 19, 21, 23]
[2, 3, 6, 7, 8, 9, 11, 12, 18, 19, 21, 23]
[2, 6, 7, 8, 9, 11, 12, 18, 19, 21, 23]
[2, 6, 7, 8, 9, 11, 12, 18, 19, 21, 23]
[2, 6, 7, 8, 9, 11, 12, 18, 19, 21, 23]
[2, 3, 6, 7, 8, 9, 11, 12, 18, 19, 21, 23]
[2, 3, 6, 7, 8, 9, 11, 12, 18, 19, 21, 23]
[2, 6, 7, 8, 9, 11, 12, 18, 19, 21, 23]
[2, 6, 7, 8, 9, 11, 12, 18, 19, 21, 23]
[2, 6, 7, 8, 9, 11, 12, 18, 19, 21, 23]
[2, 3, 6, 7, 8, 9, 11, 12, 18, 19, 21, 23]
[2, 6, 7, 8, 9, 11, 12, 18, 19, 21, 23]
[6, 7, 8, 9, 11, 12, 18, 19, 21, 23]
[2, 3, 6, 7, 8, 9, 11, 12, 18, 19, 21, 23]
[2, 3, 6, 7, 8, 9, 11, 12, 18, 19, 21, 23]
[2, 6, 7, 8, 9, 11, 12, 18, 19, 21, 23]
[2, 6, 7, 8, 9, 11, 12, 18, 19, 21, 23]
[2, 3, 6, 7, 8, 9, 11, 12, 18, 19, 21, 23]
[2, 3, 6, 8, 9, 11, 12, 18, 19, 21, 23]
[2, 3, 6, 7, 8, 9, 11, 12, 18, 19, 21, 23]
[2, 6, 7, 8, 9, 11, 12, 18, 19, 21, 23]
[2, 3, 6, 7, 8, 9, 11, 12, 18, 19, 21, 23]
[2, 3, 6, 7, 8, 9, 11, 12, 18, 19, 21, 23]
[2, 3, 6, 7, 8, 9, 11, 12, 18, 19, 21, 23]
[2, 6, 7, 8, 9, 11, 12, 18, 19, 21, 23]
[2, 3, 6, 7, 8, 9, 11, 12, 18, 19, 21, 23]
[2, 3, 6, 7, 8, 9, 11, 12, 18, 19, 21, 23]
[2, 3, 6, 7, 8, 9, 11, 12, 18, 19, 21, 23]
[2, 6, 7, 8, 9, 11, 12, 18, 19, 21, 23]
[2, 3, 6, 7, 8, 9, 11, 12, 18, 19, 21, 23]
[2, 3, 6, 7, 8, 9, 11, 12, 18, 19, 21, 23]
[2, 6, 7, 8, 9, 11, 12, 18, 19, 21, 23]
[2, 6, 7, 8, 9, 11, 12, 18, 19, 21, 23]
[2, 3, 6, 7, 8, 9, 11, 12, 18, 19, 21, 23]
[2, 3, 6, 7, 8, 9, 11, 12, 18, 19, 21, 23]
[2, 3, 6, 7, 8, 9, 11, 12, 18, 19, 21, 23]
[2, 6, 7, 8, 9, 11, 12, 18, 19, 21, 23]
[2, 3, 6, 7, 8, 9, 11, 12, 18, 19, 21, 23]
[2, 3, 6, 7, 8, 9, 11, 12, 18, 19, 21, 23]
[2, 6, 7, 8, 9, 11, 12, 18, 19, 21, 23]
[2, 6, 7, 8, 9, 11, 12, 18, 19, 21, 23]
[2, 3, 6, 7, 8, 9, 11, 12, 18, 19, 21, 23]
[2, 3, 6, 7, 8, 9, 11, 12, 18, 19, 21, 23]
[2, 3, 6, 7, 8, 9, 11, 12, 18, 19, 21, 23]
[2, 6, 7, 8, 9, 11, 12, 18, 21, 23]
[2, 3, 6, 7, 8, 9, 11, 12, 18, 19, 21, 23]
[2, 3, 6, 7, 8, 9, 11, 12, 18, 19, 21, 23]
[2, 6, 7, 8, 9, 11, 12, 18, 19, 21, 23]
[2, 6, 7, 8, 9, 11, 12, 18, 19, 21, 23]
[2, 3, 6, 7, 8, 9, 11, 12, 18, 19, 21, 23]
[2, 3, 6, 7, 8, 9, 11, 12, 18, 19, 21, 23]
[2, 6, 7, 8, 9, 11, 12, 18, 19, 21, 23]
[2, 6, 7, 8, 9, 11, 12, 18, 19, 21, 23]
[2, 3, 6, 7, 8, 9, 11, 12, 18, 19, 21, 23]
[2, 3, 6, 7, 8, 9, 11, 12, 18, 19, 21, 23]
[2, 3, 6, 7, 8, 9, 11, 12, 18, 19, 21, 23]
[2, 6, 7, 8, 9, 11, 12, 18, 19, 21, 23]
[2, 3, 6, 7, 8, 9, 11, 12, 18, 19, 21, 23]
[2, 3, 6, 7, 8, 9, 11, 12, 18, 19, 21, 23]
[2, 3, 6, 7, 8, 9, 11, 12, 18, 19, 21, 23]
[2, 6, 7, 8, 9, 11, 12, 18, 19, 21, 23]
[2, 3, 6, 7, 8, 9, 11, 12, 18, 19, 21, 23]
[2, 3, 6, 7, 8, 9, 11, 12, 18, 19, 21, 23]
[2, 6, 8, 9, 11, 12, 18, 19, 21, 23]
[2, 6, 7, 8, 9, 11, 12, 18, 19, 21, 23]
[2, 3, 6, 7, 8, 9, 11, 12, 18, 19, 21, 23]
[2, 3, 6, 7, 8, 9, 11, 12, 18, 19, 21, 23]
[2, 6, 7, 8, 9, 11, 12, 18, 19, 21, 23]
[2, 6, 7, 8, 9, 11, 12, 18, 19, 21, 23]
[2, 3, 6, 7, 8, 9, 11, 12, 18, 19, 21, 23]
[2, 3, 6, 7, 8, 9, 11, 12, 18, 19, 21, 23]
[2, 3, 6, 7, 8, 9, 11, 12, 18, 19, 21, 23]
[2, 6, 7, 9, 11, 12, 18, 19, 21, 23]
[2, 3, 6, 7, 8, 9, 11, 12, 18, 19, 21, 23]
[2, 3, 6, 7, 8, 9, 11, 12, 18, 19, 21, 23]
[2, 6, 7, 8, 9, 11, 12, 18, 19, 21, 23]
[2, 6, 7, 8, 9, 11, 12, 18, 19, 21, 23]
[2, 3, 6, 7, 8, 9, 11, 12, 18, 19, 21, 23]
[2, 3, 6, 7, 8, 9, 11, 12, 18, 19, 21, 23]
[2, 3, 6, 7, 8, 9, 11, 12, 18, 19, 21, 23]
[2, 6, 7, 8, 9, 11, 12, 18, 19, 21, 23]
[2, 3, 6, 7, 8, 9, 11, 12, 18, 19, 21, 23]
[2, 3, 6, 7, 8, 9, 11, 12, 18, 19, 21, 23]
[2, 3, 6, 7, 8, 9, 11, 12, 18, 19, 21, 23]
[2, 6, 7, 8, 9, 11, 12, 18, 19, 21, 23]
[2, 3, 6, 7, 8, 9, 11, 12, 18, 19, 21, 23]
[2, 3, 6, 7, 8, 9, 11, 12, 18, 19, 21, 23]
[2, 3, 6, 7, 8, 9, 11, 12, 18, 19, 21, 23]
[2, 6, 7, 8, 9, 11, 12, 18, 19, 21, 23]
[2, 3, 6, 7, 8, 9, 11, 12, 18, 19, 21, 23]
[2, 3, 6, 7, 8, 9, 11, 12, 18, 19, 21, 23]
[2, 6, 7, 8, 9, 11, 12, 18, 19, 21, 23]
[2, 6, 7, 8, 9, 11, 12, 18, 19, 21, 23]
[2, 3, 6, 7, 8, 9, 11, 12, 18, 19, 21, 23]
[2, 3, 6, 7, 8, 9, 11, 12, 18, 19, 21, 23]
[2, 3, 6, 7, 8, 9, 11, 12, 18, 19, 21, 23]
[2, 6, 7, 8, 9, 11, 12, 18, 19, 21, 23]
[2, 3, 6, 7, 8, 9, 11, 12, 18, 19, 21, 23]
[2, 3, 6, 7, 8, 9, 11, 12, 18, 19, 21, 23]
[2, 3, 6, 7, 8, 9, 11, 12, 18, 19, 21, 23]
[2, 6, 7, 8, 9, 11, 12, 18, 19, 21, 23]
[2, 3, 6, 7, 8, 9, 11, 12, 18, 19, 21, 23]
[2, 3, 6, 7, 8, 9, 11, 12, 18, 19, 21, 23]
[2, 3, 6, 7, 8, 9, 11, 12, 18, 19, 21, 23]
[2, 6, 7, 8, 9, 11, 12, 18, 19, 21, 23]
[2, 3, 6, 7, 8, 9, 11, 12, 18, 19, 21, 23]
[2, 6, 7, 8, 9, 11, 12, 18, 19, 21, 23]
[2, 6, 7, 8, 9, 11, 12, 18, 19, 21, 23]
[2, 6, 7, 8, 9, 11, 12, 18, 19, 21, 23]
[2, 3, 6, 7, 8, 9, 11, 12, 18, 19, 21, 23]
[2, 3, 6, 7, 8, 9, 11, 12, 18, 19, 21, 23]
[2, 6, 7, 8, 9, 11, 12, 18, 19, 21, 23]
[2, 6, 7, 8, 9, 11, 12, 18, 19, 21, 23]
[2, 3, 6, 7, 8, 9, 11, 12, 18, 19, 21, 23]
[2, 3, 6, 7, 8, 9, 11, 12, 18, 19, 21, 23]
[2, 3, 6, 7, 8, 9, 11, 12, 18, 19, 21, 23]
[2, 6, 7, 8, 9, 11, 12, 18, 19, 21, 23]
[2, 3, 6, 7, 8, 9, 11, 12, 18, 19, 21, 23]
[2, 6, 7, 8, 9, 11, 12, 18, 19, 21, 23]
[2, 6, 8, 9, 11, 12, 18, 19, 21, 23]
[2, 6, 7, 8, 9, 11, 12, 18, 19, 21, 23]
[2, 3, 6, 7, 8, 9, 11, 12, 18, 19, 21, 23]
[2, 3, 6, 7, 8, 9, 11, 12, 18, 19, 21, 23]
[2, 6, 8, 9, 11, 12, 18, 19, 21, 23]
[2, 6, 7, 8, 9, 11, 12, 18, 19, 21, 23]
[2, 3, 6, 7, 8, 9, 11, 12, 18, 19, 21, 23]
[2, 3, 6, 7, 8, 9, 11, 12, 18, 19, 21, 23]
[2, 3, 6, 7, 8, 9, 11, 12, 18, 19, 21, 23]
[2, 6, 8, 9, 11, 18, 19, 21, 23]
[2, 3, 6, 7, 8, 9, 11, 12, 18, 19, 21, 23]
[2, 3, 6, 7, 8, 9, 11, 12, 18, 19, 21, 23]
[2, 6, 7, 8, 9, 11, 12, 18, 19, 21, 23]
[2, 6, 7, 8, 9, 11, 12, 18, 19, 21, 23]
[2, 3, 6, 8, 9, 11, 12, 18, 19, 21, 23]
[2, 3, 6, 7, 8, 9, 11, 12, 18, 19, 21, 23]
[2, 3, 6, 7, 8, 9, 11, 12, 18, 19, 21, 23]
[2, 6, 7, 8, 9, 11, 12, 18, 19, 21, 23]
[2, 3, 6, 7, 8, 9, 11, 12, 18, 19, 21, 23]
[2, 3, 6, 7, 8, 9, 11, 12, 18, 19, 21, 23]
[2, 3, 6, 7, 8, 9, 11, 12, 18, 19, 21, 23]
[2, 6, 7, 8, 9, 11, 12, 18, 19, 21, 23]
[2, 3, 6, 7, 8, 9, 11, 12, 18, 19, 21, 23][2, 3, 6, 7, 8, 9, 11, 12, 18, 19, 21, 23]
[2, 3, 6, 7, 8, 9, 11, 12, 18, 19, 21, 23]

[2, 6, 7, 8, 9, 11, 12, 18, 19, 21, 23]
[2, 3, 6, 7, 8, 9, 11, 12, 18, 19, 21, 23]
[2, 3, 6, 7, 8, 9, 11, 12, 18, 19, 21, 23]
[2, 6, 7, 8, 9, 11, 12, 18, 19, 21, 23]
[2, 6, 7, 8, 9, 11, 12, 18, 19, 21, 23]
[2, 3, 6, 7, 8, 9, 11, 12, 18, 19, 21, 23]
[2, 3, 6, 7, 8, 9, 11, 12, 18, 19, 21, 23]
[2, 6, 7, 8, 9, 11, 12, 18, 19, 21, 23]
[2, 6, 7, 8, 9, 11, 12, 18, 19, 21, 23]
[2, 3, 6, 7, 8, 9, 11, 12, 18, 19, 21, 23]
[2, 3, 6, 7, 8, 9, 11, 12, 18, 19, 21, 23]
[2, 3, 6, 7, 8, 9, 11, 12, 18, 19, 21, 23]
[2, 6, 8, 9, 11, 12, 18, 19, 21, 23]
[2, 3, 6, 7, 8, 9, 11, 12, 18, 19, 21, 23]
[2, 3, 6, 7, 8, 9, 11, 12, 18, 19, 21, 23]
[2, 3, 6, 7, 8, 9, 11, 12, 18, 19, 21, 23]
[6, 8, 9, 11, 12, 18, 19, 21, 23]
[2, 3, 6, 7, 8, 9, 11, 12, 18, 19, 21, 23]
[2, 3, 6, 7, 8, 9, 11, 12, 18, 19, 21, 23]
[2, 3, 6, 7, 8, 9, 11, 12, 18, 19, 21, 23]
[2, 6, 7, 8, 9, 11, 12, 18, 19, 21, 23]
[2, 3, 6, 7, 8, 9, 11, 12, 18, 19, 21, 23]
[2, 3, 6, 7, 8, 9, 11, 12, 18, 19, 21, 23]
[2, 6, 7, 8, 9, 11, 12, 18, 19, 21, 23]
[2, 6, 7, 8, 9, 11, 12, 18, 19, 21, 23]
[2, 3, 6, 7, 8, 9, 11, 12, 18, 19, 21, 23]
[2, 3, 6, 7, 8, 9, 11, 12, 18, 19, 21, 23]
[2, 6, 7, 8, 9, 11, 12, 18, 19, 21, 23]
[2, 6, 7, 8, 9, 11, 12, 18, 19, 21, 23]
[2, 3, 6, 7, 8, 9, 11, 12, 18, 19, 21, 23]
[2, 3, 6, 7, 8, 9, 11, 12, 18, 19, 21, 23]
[2, 3, 6, 7, 8, 9, 11, 12, 18, 19, 21, 23]
[2, 6, 7, 8, 9, 11, 12, 18, 19, 21, 23]
[2, 3, 6, 7, 8, 9, 11, 12, 18, 19, 21, 23]
[2, 3, 6, 7, 8, 9, 11, 12, 18, 19, 21, 23]
[2, 3, 6, 7, 8, 9, 11, 12, 18, 19, 21, 23]
[2, 6, 7, 8, 9, 11, 12, 18, 19, 21, 23]
[2, 3, 6, 7, 8, 9, 11, 12, 18, 19, 21, 23]
[2, 3, 6, 7, 8, 9, 11, 12, 18, 19, 21, 23]
[2, 3, 6, 7, 8, 9, 11, 12, 18, 19, 21, 23]
[2, 6, 8, 9, 11, 12, 18, 19, 21, 23]
[2, 3, 6, 7, 8, 9, 11, 12, 18, 19, 21, 23]
[2, 3, 6, 7, 8, 9, 11, 12, 18, 19, 21, 23]
[2, 3, 6, 8, 9, 11, 12, 18, 19, 21, 23]
[2, 6, 7, 8, 9, 11, 12, 18, 19, 21, 23]
[2, 3, 6, 7, 8, 9, 11, 12, 18, 19, 21, 23]
[2, 3, 6, 7, 8, 9, 11, 12, 18, 19, 21, 23]
[2, 3, 6, 7, 8, 9, 11, 12, 18, 19, 21, 23]
[2, 6, 7, 8, 9, 11, 12, 18, 19, 21, 23]
[2, 3, 6, 7, 8, 9, 11, 12, 18, 19, 21, 23]
[2, 3, 6, 7, 8, 9, 11, 12, 18, 19, 21, 23]
[2, 3, 6, 7, 8, 9, 11, 12, 18, 19, 21, 23]
[2, 6, 7, 8, 9, 11, 12, 18, 19, 21, 23]
[2, 3, 6, 7, 8, 9, 11, 12, 18, 19, 21, 23]
[2, 3, 6, 7, 8, 9, 11, 12, 18, 19, 21, 23]
[2, 3, 6, 7, 8, 9, 11, 12, 18, 19, 21, 23]
[2, 6, 8, 9, 11, 12, 18, 19, 21, 23]
[2, 3, 6, 7, 8, 9, 11, 12, 18, 19, 21, 23]
[2, 3, 6, 7, 8, 9, 11, 12, 18, 19, 21, 23]
[2, 3, 6, 7, 8, 9, 11, 12, 18, 19, 21, 23]
[2, 6, 7, 8, 9, 11, 12, 18, 19, 21, 23]
[2, 3, 6, 7, 8, 9, 11, 12, 18, 19, 21, 23]
[2, 3, 6, 7, 8, 9, 11, 12, 18, 19, 21, 23]
[2, 3, 6, 7, 8, 9, 11, 12, 18, 19, 21, 23]
[2, 6, 7, 8, 9, 11, 12, 18, 19, 21, 23]
[2, 3, 6, 7, 8, 9, 11, 12, 18, 19, 21, 23]
[2, 3, 6, 7, 8, 9, 11, 12, 18, 19, 21, 23]
[2, 3, 6, 7, 8, 9, 11, 12, 18, 19, 21, 23]
[2, 6, 8, 9, 11, 12, 18, 19, 21, 23]
[2, 3, 6, 7, 8, 9, 11, 12, 18, 19, 21, 23]
[2, 3, 6, 7, 8, 9, 11, 12, 18, 19, 21, 23]
[2, 3, 6, 7, 8, 9, 11, 12, 18, 19, 21, 23]
[2, 6, 8, 9, 11, 12, 18, 19, 21, 23]
[2, 3, 6, 7, 8, 9, 11, 12, 18, 19, 21, 23]
[2, 3, 6, 7, 8, 9, 11, 12, 18, 19, 21, 23]
[2, 3, 6, 7, 8, 9, 11, 12, 18, 19, 21, 23]
[2, 6, 7, 8, 9, 11, 12, 18, 19, 21, 23]
[2, 3, 6, 7, 8, 9, 11, 12, 18, 19, 21, 23]
[2, 3, 6, 7, 8, 9, 11, 12, 18, 19, 21, 23]
[2, 3, 6, 7, 8, 9, 11, 12, 18, 19, 21, 23]
[2, 6, 7, 8, 9, 11, 12, 18, 19, 21, 23]
[2, 3, 6, 7, 8, 9, 11, 12, 18, 19, 21, 23]
[2, 3, 6, 7, 8, 9, 11, 12, 18, 19, 21, 23]
[2, 3, 6, 7, 8, 9, 11, 12, 18, 19, 21, 23]
[2, 6, 8, 9, 11, 12, 18, 19, 21, 23]
[2, 3, 6, 7, 8, 9, 11, 12, 18, 19, 21, 23]
[2, 3, 6, 7, 8, 9, 11, 12, 18, 19, 21, 23]
[2, 3, 6, 7, 8, 9, 11, 12, 18, 19, 21, 23]
[2, 6, 7, 8, 9, 11, 12, 18, 19, 21, 23]
[2, 3, 6, 7, 8, 9, 11, 12, 18, 19, 21, 23]
[2, 3, 6, 7, 8, 9, 11, 12, 18, 19, 21, 23]
[2, 3, 6, 7, 8, 9, 11, 12, 18, 19, 21, 23]
[2, 6, 7, 8, 9, 11, 12, 18, 19, 21, 23]
[2, 3, 6, 7, 8, 9, 11, 12, 18, 19, 21, 23]
[2, 3, 6, 7, 8, 9, 11, 12, 18, 19, 21, 23]
[2, 6, 7, 8, 9, 11, 12, 18, 19, 21, 23]
[2, 6, 7, 8, 9, 11, 12, 18, 19, 21, 23]
[2, 3, 6, 7, 8, 9, 11, 12, 18, 19, 21, 23]
[2, 3, 6, 7, 8, 9, 11, 12, 18, 19, 21, 23]
[2, 3, 6, 7, 8, 9, 11, 12, 18, 19, 21, 23]
[2, 6, 7, 8, 9, 11, 12, 18, 19, 21, 23]
[2, 3, 6, 7, 8, 9, 11, 12, 18, 19, 21, 23]
[2, 3, 6, 7, 8, 9, 11, 12, 18, 19, 21, 23]
[2, 3, 6, 7, 8, 9, 11, 12, 18, 19, 21, 23]
[2, 6, 7, 8, 9, 11, 12, 18, 19, 21, 23]
[2, 3, 6, 7, 8, 9, 11, 12, 18, 19, 21, 23]
[2, 6, 7, 8, 9, 11, 12, 18, 19, 21, 23]
[2, 6, 7, 8, 9, 11, 12, 18, 19, 21, 23]
[2, 6, 8, 9, 11, 12, 18, 19, 21, 23]
[2, 3, 6, 7, 8, 9, 11, 12, 18, 19, 21, 23]
[2, 3, 6, 7, 8, 9, 11, 12, 18, 19, 21, 23]
[2, 6, 7, 8, 9, 11, 12, 18, 19, 21, 23]
[2, 6, 7, 8, 9, 11, 12, 18, 19, 21, 23]
[2, 3, 6, 7, 8, 9, 11, 12, 18, 19, 21, 23]
[2, 3, 6, 7, 8, 9, 11, 12, 18, 19, 21, 23]
[2, 3, 6, 7, 8, 9, 11, 12, 18, 19, 21, 23]
[2, 6, 7, 8, 9, 11, 12, 18, 19, 21, 23]
[2, 3, 6, 7, 8, 9, 11, 12, 18, 19, 21, 23]
[2, 3, 6, 7, 8, 9, 11, 12, 18, 19, 21, 23]
[2, 6, 7, 8, 9, 11, 12, 18, 19, 21, 23]
[2, 6, 7, 8, 9, 11, 12, 18, 19, 21, 23]
[2, 3, 6, 7, 8, 9, 11, 12, 18, 19, 21, 23]
[2, 3, 6, 7, 8, 9, 11, 12, 18, 19, 21, 23]
[2, 6, 7, 8, 9, 11, 12, 18, 19, 21, 23]
[2, 6, 7, 8, 9, 11, 12, 18, 19, 21, 23]
[2, 3, 6, 7, 8, 9, 11, 12, 18, 19, 21, 23]
[2, 3, 6, 7, 8, 9, 11, 12, 18, 19, 21, 23]
[2, 3, 6, 7, 8, 9, 11, 12, 18, 19, 21, 23]
[2, 6, 8, 9, 11, 12, 18, 19, 21, 23]
[2, 3, 6, 7, 8, 9, 11, 12, 18, 19, 21, 23]
[2, 3, 6, 7, 8, 9, 11, 12, 18, 19, 21, 23]
[2, 3, 6, 7, 8, 9, 11, 12, 18, 19, 21, 23]
[2, 6, 7, 8, 9, 11, 12, 18, 19, 21, 23]
[2, 3, 6, 7, 8, 9, 11, 12, 18, 19, 21, 23]
[2, 3, 6, 7, 8, 9, 11, 12, 18, 19, 21, 23]
[2, 3, 6, 7, 8, 9, 11, 12, 18, 19, 21, 23]
[2, 6, 7, 8, 9, 11, 12, 18, 19, 21, 23]
[2, 3, 6, 7, 8, 9, 11, 12, 18, 19, 21, 23]
[2, 3, 6, 7, 8, 9, 11, 12, 18, 19, 21, 23]
[2, 6, 7, 8, 9, 11, 12, 18, 19, 21, 23]
[2, 6, 7, 8, 9, 11, 12, 18, 19, 21, 23]
[2, 3, 6, 7, 8, 9, 11, 12, 18, 19, 21, 23]
[2, 3, 6, 7, 8, 9, 11, 12, 18, 19, 21, 23]
[2, 3, 6, 7, 8, 9, 11, 12, 18, 19, 21, 23]
[2, 6, 8, 9, 11, 12, 18, 19, 21, 23]
[2, 3, 6, 7, 8, 9, 11, 12, 18, 19, 21, 23]
[2, 3, 6, 7, 8, 9, 11, 12, 18, 19, 21, 23]
[2, 3, 6, 7, 8, 9, 11, 12, 18, 19, 21, 23]
[2, 6, 7, 8, 9, 11, 12, 18, 19, 21, 23]
[2, 3, 6, 7, 8, 9, 11, 12, 18, 19, 21, 23]
[2, 3, 6, 7, 8, 9, 11, 12, 18, 19, 21, 23]
[2, 3, 6, 7, 8, 9, 11, 12, 18, 19, 21, 23]
[2, 6, 7, 8, 9, 11, 12, 18, 19, 21, 23]
[2, 3, 6, 7, 8, 9, 11, 12, 18, 19, 21, 23]
[2, 3, 6, 7, 8, 9, 11, 12, 18, 19, 21, 23]
[2, 6, 7, 8, 9, 11, 12, 18, 19, 21, 23]
[2, 6, 7, 8, 9, 11, 12, 18, 19, 21, 23]
[2, 3, 6, 7, 8, 9, 11, 12, 18, 19, 21, 23]
[2, 3, 6, 7, 8, 9, 11, 12, 18, 19, 21, 23]
[2, 3, 6, 7, 8, 9, 11, 12, 18, 19, 21, 23]
[2, 6, 7, 8, 9, 11, 12, 18, 19, 21, 23]
[2, 3, 6, 7, 8, 9, 11, 12, 18, 19, 21, 23]
[2, 3, 6, 7, 8, 9, 11, 12, 18, 19, 21, 23]
[2, 6, 7, 8, 9, 11, 12, 18, 19, 21, 23]
[2, 6, 8, 9, 11, 12, 18, 19, 21, 23]
[2, 3, 6, 7, 8, 9, 11, 12, 18, 19, 21, 23]
[2, 3, 6, 7, 8, 9, 11, 12, 18, 19, 21, 23]
[2, 3, 6, 7, 8, 9, 11, 12, 18, 19, 21, 23]
[2, 6, 7, 8, 9, 11, 12, 18, 19, 21, 23]
[2, 3, 6, 7, 8, 9, 11, 12, 18, 19, 21, 23]
[2, 3, 6, 7, 8, 9, 11, 12, 18, 19, 21, 23]
[2, 6, 7, 8, 9, 11, 12, 18, 19, 21, 23]
[2, 6, 7, 8, 9, 11, 12, 18, 19, 21, 23]
[2, 3, 6, 7, 8, 9, 11, 12, 18, 19, 21, 23]
[2, 3, 6, 7, 8, 9, 11, 12, 18, 19, 21, 23]
[2, 3, 6, 7, 8, 9, 11, 12, 18, 19, 21, 23]
[2, 6, 8, 9, 11, 12, 18, 19, 21, 23]
[2, 3, 6, 7, 8, 9, 11, 12, 18, 19, 21, 23]
[2, 3, 6, 7, 8, 9, 11, 12, 18, 19, 21, 23]
[2, 3, 6, 7, 8, 9, 11, 12, 18, 19, 21, 23]
[2, 6, 8, 9, 11, 12, 18, 19, 21, 23]
[2, 3, 6, 7, 8, 9, 11, 12, 18, 19, 21, 23]
[2, 3, 6, 7, 8, 9, 11, 12, 18, 19, 21, 23]
[2, 3, 6, 7, 8, 9, 11, 12, 18, 19, 21, 23]
[2, 6, 7, 8, 9, 11, 12, 18, 19, 21, 23]
[2, 3, 6, 7, 8, 9, 11, 12, 18, 19, 21, 23]
[2, 3, 6, 7, 8, 9, 11, 12, 18, 19, 21, 23]
[2, 3, 6, 7, 8, 9, 11, 12, 18, 19, 21, 23]
[2, 6, 7, 8, 9, 11, 12, 18, 19, 21, 23]
[2, 3, 6, 7, 8, 9, 11, 12, 18, 19, 21, 23]
[2, 3, 6, 7, 8, 9, 11, 12, 18, 19, 21, 23]
[2, 6, 7, 8, 9, 11, 12, 18, 19, 21, 23]
[2, 6, 7, 8, 9, 11, 12, 18, 19, 21, 23]
[2, 3, 6, 7, 8, 9, 11, 12, 18, 19, 21, 23]
[2, 3, 6, 7, 8, 9, 11, 12, 18, 19, 21, 23]
[2, 3, 6, 7, 8, 9, 11, 12, 18, 19, 21, 23]
[2, 6, 7, 8, 9, 11, 12, 18, 19, 21, 23]
[2, 3, 6, 7, 8, 9, 11, 12, 18, 19, 21, 23]
[2, 3, 6, 7, 8, 9, 11, 12, 18, 19, 21, 23]
[2, 3, 6, 7, 8, 9, 11, 12, 18, 19, 21, 23]
[2, 6, 7, 8, 9, 11, 12, 18, 19, 21, 23]
[2, 3, 6, 7, 8, 9, 11, 12, 18, 19, 21, 23]
[2, 6, 7, 8, 9, 11, 12, 18, 19, 21, 23]
[2, 6, 7, 8, 9, 11, 12, 18, 19, 21, 23]
[2, 6, 7, 8, 9, 11, 12, 18, 19, 21, 23]
[2, 3, 6, 7, 9, 11, 12, 19, 21, 23]
[2, 3, 6, 7, 8, 9, 11, 12, 18, 19, 21, 23]
[2, 6, 7, 8, 9, 11, 12, 18, 19, 21, 23]
[2, 6, 7, 8, 9, 11, 12, 18, 19, 21, 23]
[2, 3, 6, 7, 8, 9, 11, 12, 18, 19, 21, 23]
[2, 3, 6, 7, 8, 9, 11, 12, 18, 19, 21, 23]
[2, 6, 7, 8, 9, 11, 12, 18, 19, 21, 23]
[2, 6, 7, 8, 9, 11, 12, 18, 19, 21, 23]
[2, 3, 6, 7, 8, 9, 11, 12, 18, 19, 21, 23]
[2, 3, 6, 7, 8, 9, 11, 12, 18, 19, 21, 23]
[2, 3, 6, 7, 8, 9, 11, 12, 18, 19, 21, 23]
[2, 6, 7, 8, 9, 11, 12, 18, 19, 21, 23]
[2, 3, 6, 7, 8, 9, 11, 12, 18, 19, 21, 23]
[2, 3, 6, 7, 8, 9, 11, 12, 18, 19, 21, 23]
[2, 6, 7, 8, 9, 11, 12, 18, 19, 21, 23]
[2, 6, 8, 9, 11, 12, 18, 19, 21, 23]
[2, 3, 6, 7, 8, 9, 11, 12, 18, 19, 21, 23]
[2, 3, 6, 7, 8, 9, 11, 12, 18, 19, 21, 23]
[2, 6, 7, 8, 9, 11, 12, 18, 19, 21, 23]
[2, 6, 7, 8, 9, 11, 12, 18, 19, 21, 23]
[2, 3, 6, 7, 8, 9, 11, 12, 18, 19, 21, 23]
[2, 3, 6, 7, 8, 9, 11, 12, 18, 19, 21, 23]
[2, 3, 6, 7, 8, 9, 11, 12, 18, 19, 21, 23]
[2, 6, 7, 8, 9, 11, 12, 18, 19, 21, 23]
[2, 3, 6, 7, 8, 9, 11, 12, 18, 19, 21, 23]
[2, 3, 6, 7, 8, 9, 11, 12, 18, 19, 21, 23]
[2, 3, 6, 7, 8, 9, 11, 12, 18, 19, 21, 23]
[2, 6, 7, 8, 9, 11, 12, 18, 19, 21, 23]
[2, 3, 6, 7, 8, 9, 11, 12, 18, 19, 21, 23]
[2, 3, 6, 7, 8, 9, 11, 12, 18, 19, 21, 23]
[2, 3, 6, 7, 8, 9, 11, 12, 18, 19, 21, 23]
[2, 6, 7, 8, 9, 11, 12, 18, 19, 21, 23]
[2, 3, 6, 7, 8, 9, 11, 12, 18, 19, 21, 23]
[2, 6, 7, 8, 9, 11, 12, 18, 19, 21, 23]
[2, 3, 6, 7, 8, 9, 11, 12, 18, 19, 21, 23]
[2, 6, 7, 8, 9, 11, 12, 18, 19, 21, 23]
[2, 3, 6, 7, 8, 9, 11, 12, 18, 19, 21, 23]
[2, 3, 6, 7, 8, 9, 11, 12, 18, 19, 21, 23]
[2, 3, 6, 7, 8, 9, 11, 12, 18, 19, 21, 23]
[2, 6, 7, 8, 9, 11, 12, 18, 19, 21, 23]
[2, 3, 6, 7, 8, 9, 11, 12, 18, 19, 21, 23]
[2, 3, 6, 7, 8, 9, 11, 12, 18, 19, 21, 23]
[2, 6, 7, 8, 9, 11, 12, 18, 19, 21, 23]
[2, 6, 7, 8, 9, 11, 12, 18, 19, 21, 23]
[2, 3, 6, 7, 8, 9, 11, 12, 18, 19, 21, 23]
[2, 3, 6, 7, 8, 9, 11, 12, 18, 19, 21, 23]
[2, 6, 7, 8, 9, 11, 12, 18, 19, 21, 23]
[2, 6, 8, 9, 11, 12, 18, 19, 21, 23]
[2, 3, 6, 7, 8, 9, 11, 12, 18, 19, 21, 23]
[2, 3, 6, 7, 8, 9, 11, 12, 18, 19, 21, 23]
[2, 6, 7, 8, 9, 11, 12, 18, 19, 21, 23]
[2, 6, 7, 8, 9, 11, 12, 18, 19, 21, 23]
[2, 3, 6, 7, 8, 9, 11, 12, 18, 19, 21, 23]
[2, 3, 6, 7, 8, 9, 11, 12, 18, 19, 21, 23]
[2, 6, 7, 8, 9, 11, 12, 18, 19, 21, 23]
[2, 6, 7, 8, 9, 11, 12, 18, 19, 21, 23]
[2, 3, 6, 7, 8, 9, 11, 12, 18, 19, 21, 23]
[2, 3, 6, 7, 8, 9, 11, 12, 18, 19, 21, 23]
[2, 3, 6, 7, 8, 9, 11, 12, 18, 19, 21, 23]
[2, 6, 7, 8, 9, 11, 12, 18, 19, 21, 23]
[2, 3, 6, 7, 8, 9, 11, 12, 18, 19, 21, 23]
[2, 3, 6, 7, 8, 9, 11, 12, 18, 19, 21, 23]
[2, 3, 6, 7, 8, 9, 11, 12, 18, 19, 21, 23]
[2, 6, 7, 8, 9, 11, 12, 18, 19, 21, 23]
[2, 3, 6, 7, 8, 9, 11, 12, 18, 19, 21, 23]
[2, 3, 6, 7, 8, 9, 11, 12, 18, 19, 21, 23]
[2, 6, 7, 8, 9, 11, 12, 18, 19, 21, 23]
[2, 6, 7, 8, 9, 11, 12, 18, 19, 21, 23]
[2, 3, 6, 7, 8, 9, 11, 12, 18, 19, 21, 23]
[2, 6, 7, 8, 9, 11, 12, 18, 19, 21, 23]
[2, 3, 6, 7, 8, 9, 11, 12, 18, 19, 21, 23]
[2, 6, 7, 8, 9, 11, 12, 18, 19, 21, 23]
[2, 3, 6, 7, 8, 9, 11, 12, 18, 19, 21, 23]
[2, 3, 6, 7, 8, 9, 11, 12, 18, 19, 21, 23]
[2, 3, 6, 7, 8, 9, 11, 12, 18, 19, 21, 23]
[2, 6, 7, 8, 9, 11, 12, 18, 19, 21, 23]
[2, 3, 6, 7, 8, 9, 11, 12, 18, 19, 21, 23]
[2, 3, 6, 7, 8, 9, 11, 12, 18, 19, 21, 23]
[2, 6, 7, 8, 9, 11, 12, 18, 19, 21, 23]
[2, 6, 7, 8, 9, 11, 12, 18, 19, 21, 23]
[2, 3, 6, 7, 8, 9, 11, 12, 18, 19, 21, 23]
[2, 3, 6, 7, 8, 9, 11, 12, 18, 19, 21, 23]
[2, 3, 6, 7, 8, 9, 11, 12, 18, 19, 21, 23]
[2, 6, 7, 8, 9, 11, 12, 18, 19, 21, 23]
[2, 3, 6, 7, 8, 9, 11, 12, 18, 19, 21, 23]
[2, 3, 6, 7, 8, 9, 11, 12, 18, 19, 21, 23]
[2, 6, 7, 8, 9, 11, 12, 18, 19, 21, 23]
[2, 6, 7, 8, 9, 11, 12, 18, 19, 21, 23]
[2, 3, 6, 7, 8, 9, 11, 12, 18, 19, 21, 23]
[2, 3, 6, 7, 8, 9, 11, 12, 18, 19, 21, 23]
[2, 6, 7, 8, 9, 11, 12, 18, 19, 21, 23]
[2, 6, 7, 8, 9, 11, 12, 18, 19, 21, 23]
[2, 3, 6, 7, 8, 9, 11, 12, 18, 19, 21, 23]
[2, 3, 6, 7, 8, 9, 11, 12, 18, 19, 21, 23]
[2, 3, 6, 7, 8, 9, 11, 12, 18, 19, 21, 23]
[2, 6, 7, 8, 9, 11, 12, 18, 19, 21, 23]
[2, 3, 6, 7, 8, 9, 11, 12, 18, 19, 21, 23]
[2, 3, 6, 7, 8, 9, 11, 12, 18, 19, 21, 23]
[2, 3, 6, 7, 8, 9, 11, 12, 18, 19, 21, 23]
[2, 6, 7, 8, 9, 11, 12, 18, 19, 21, 23]
[2, 3, 6, 7, 8, 9, 11, 12, 18, 19, 21, 23]
[2, 3, 6, 7, 8, 9, 11, 12, 18, 19, 21, 23]
[2, 3, 6, 7, 8, 9, 11, 12, 18, 19, 21, 23]
[2, 6, 7, 8, 9, 11, 12, 18, 19, 21, 23]
[2, 3, 6, 7, 8, 9, 11, 12, 18, 19, 21, 23]
[2, 3, 6, 7, 8, 9, 11, 12, 18, 19, 21, 23]
[2, 3, 6, 7, 8, 9, 11, 12, 18, 19, 21, 23]
[2, 6, 7, 8, 9, 11, 12, 18, 19, 21, 23]
[2, 3, 6, 7, 8, 9, 11, 12, 18, 19, 21, 23]
[2, 3, 6, 7, 8, 9, 11, 12, 18, 19, 21, 23]
[2, 6, 7, 8, 9, 11, 12, 18, 19, 21, 23]
[2, 6, 8, 9, 11, 12, 18, 19, 21, 23]
[2, 3, 6, 7, 8, 9, 11, 12, 18, 19, 21, 23]
[2, 6, 7, 8, 9, 11, 12, 18, 19, 21, 23]
[2, 3, 6, 7, 8, 9, 11, 12, 18, 19, 21, 23]
[2, 6, 8, 9, 11, 12, 18, 19, 21, 23]
[2, 3, 6, 7, 8, 9, 11, 12, 18, 19, 21, 23]
[2, 3, 6, 7, 8, 9, 11, 12, 18, 19, 21, 23]
[2, 6, 7, 8, 9, 11, 12, 18, 19, 21, 23]
[2, 6, 7, 8, 9, 11, 12, 18, 19, 21, 23]
[2, 3, 6, 7, 8, 9, 11, 12, 18, 19, 21, 23]
[2, 3, 6, 7, 8, 9, 11, 12, 18, 19, 21, 23]
[2, 3, 6, 7, 8, 9, 11, 12, 18, 19, 21, 23]
[2, 6, 7, 8, 9, 11, 12, 18, 19, 21, 23]
[2, 3, 6, 7, 8, 9, 11, 12, 18, 19, 21, 23]
[2, 3, 6, 7, 8, 9, 11, 12, 18, 19, 21, 23]
[2, 3, 6, 7, 8, 9, 11, 12, 18, 19, 21, 23]
[2, 6, 7, 8, 9, 11, 12, 18, 19, 21, 23]
[2, 3, 6, 7, 8, 9, 11, 12, 18, 19, 21, 23]
[2, 3, 6, 7, 8, 9, 11, 12, 18, 19, 21, 23]
[2, 3, 6, 7, 8, 9, 11, 12, 18, 19, 21, 23]
[2, 6, 8, 9, 11, 12, 18, 19, 21, 23]
[2, 6, 7, 8, 9, 11, 12, 18, 19, 21, 23]
[2, 3, 6, 7, 8, 9, 11, 12, 18, 19, 21, 23]
[2, 6, 8, 9, 11, 12, 18, 19, 21, 23]
[2, 6, 8, 9, 11, 12, 18, 19, 21, 23]
[2, 3, 6, 7, 8, 9, 11, 12, 18, 19, 21, 23]
[2, 3, 6, 7, 8, 9, 11, 12, 18, 19, 21, 23]
[2, 3, 6, 7, 8, 9, 11, 12, 18, 19, 21, 23]
[2, 6, 8, 9, 11, 12, 18, 19, 21, 23]
[2, 3, 6, 7, 8, 9, 11, 12, 18, 19, 21, 23]
[2, 3, 6, 7, 8, 9, 11, 12, 18, 19, 21, 23]
[2, 6, 7, 8, 9, 11, 12, 18, 19, 21, 23]
[2, 6, 8, 9, 11, 12, 18, 19, 21, 23]
[2, 3, 6, 7, 8, 9, 11, 12, 18, 19, 21, 23]
[2, 3, 6, 7, 8, 9, 11, 12, 18, 19, 21, 23]
[2, 6, 7, 8, 9, 11, 12, 18, 19, 21, 23]
[2, 6, 8, 9, 11, 12, 18, 19, 21, 23]
[2, 3, 6, 7, 8, 9, 11, 12, 18, 19, 21, 23]
[2, 3, 6, 7, 8, 9, 11, 12, 18, 19, 21, 23]
[2, 6, 7, 8, 9, 11, 12, 18, 19, 21, 23]
[2, 6, 7, 8, 9, 11, 12, 18, 19, 21, 23]
[2, 3, 6, 7, 8, 9, 11, 12, 18, 19, 21, 23]
[2, 3, 6, 7, 8, 9, 11, 12, 18, 19, 21, 23]
[2, 6, 7, 8, 9, 11, 12, 18, 19, 21, 23]
[2, 6, 8, 9, 11, 12, 18, 19, 21, 23]
[2, 3, 6, 7, 8, 9, 11, 12, 18, 19, 21, 23]
[2, 3, 6, 7, 8, 9, 11, 12, 18, 19, 21, 23]
[2, 6, 8, 9, 11, 12, 18, 19, 21, 23]
[2, 6, 7, 8, 9, 11, 12, 18, 19, 21, 23]
[2, 3, 6, 7, 8, 9, 11, 12, 18, 19, 21, 23]
[2, 3, 6, 7, 8, 9, 11, 12, 18, 19, 21, 23]
[2, 3, 6, 7, 8, 9, 11, 12, 18, 19, 21, 23]
[2, 6, 7, 8, 9, 11, 12, 18, 19, 21, 23]
[2, 3, 6, 7, 8, 9, 12, 18, 19, 21, 23]
[2, 3, 6, 7, 8, 9, 11, 12, 18, 19, 21, 23]
[2, 6, 7, 8, 9, 11, 12, 18, 19, 21, 23]
[2, 6, 7, 8, 9, 11, 12, 19, 21, 23]
[2, 3, 6, 7, 8, 9, 11, 12, 18, 19, 21, 23]
[2, 3, 6, 7, 8, 9, 11, 12, 18, 19, 21, 23]
[2, 3, 6, 7, 8, 9, 11, 12, 18, 19, 21, 23]
[2, 6, 8, 9, 11, 12, 18, 19, 21, 23]
[2, 3, 6, 7, 8, 9, 11, 12, 18, 19, 21, 23]
[2, 3, 6, 7, 8, 9, 11, 12, 18, 19, 21, 23]
[2, 3, 6, 7, 8, 9, 11, 12, 18, 19, 21, 23]
[2, 6, 7, 8, 9, 11, 12, 18, 19, 21, 23]
[2, 3, 6, 7, 8, 9, 11, 12, 18, 19, 21, 23]
[2, 3, 6, 7, 8, 9, 11, 12, 18, 19, 21, 23]
[2, 6, 7, 8, 9, 11, 12, 18, 19, 21, 23]
[2, 6, 7, 8, 9, 11, 12, 18, 19, 21, 23]
[2, 3, 6, 7, 8, 9, 11, 12, 18, 19, 21, 23]
[2, 3, 6, 7, 8, 9, 11, 12, 18, 19, 21, 23]
[2, 3, 6, 7, 8, 9, 11, 12, 18, 19, 21, 23]
[2, 6, 7, 8, 9, 11, 12, 18, 19, 21, 23]
[2, 3, 6, 7, 8, 9, 11, 12, 18, 19, 21, 23]
[2, 3, 6, 7, 8, 9, 11, 12, 18, 19, 21, 23]
[2, 6, 8, 9, 11, 12, 18, 19, 21, 23]
[2, 6, 7, 8, 9, 11, 12, 18, 19, 21, 23]Terminated
